-------------------------------------------------------------------------------
Test set: com.example.crudOper.CrudOperApplicationTests
-------------------------------------------------------------------------------
Tests run: 1, Failures: 0, Errors: 1, Skipped: 0, Time elapsed: 2.098 s <<< FAILURE! - in com.example.crudOper.CrudOperApplicationTests
contextLoads  Time elapsed: 0.009 s  <<< ERROR!
java.lang.IllegalStateException: Failed to load ApplicationContext for [WebMergedContextConfiguration@b09fac1 testClass = com.example.crudOper.CrudOperApplicationTests, locations = [], classes = [com.example.crudOper.CrudOperApplication], contextInitializerClasses = [], activeProfiles = [], propertySourceLocations = [], propertySourceProperties = ["org.springframework.boot.test.context.SpringBootTestContextBootstrapper=true"], contextCustomizers = [org.springframework.boot.test.context.filter.ExcludeFilterContextCustomizer@6cc558c6, org.springframework.boot.test.json.DuplicateJsonObjectContextCustomizerFactory$DuplicateJsonObjectContextCustomizer@7c8c9a05, org.springframework.boot.test.mock.mockito.MockitoContextCustomizer@0, org.springframework.boot.test.web.client.TestRestTemplateContextCustomizer@5505ae1a, org.springframework.boot.test.autoconfigure.actuate.observability.ObservabilityContextCustomizerFactory$DisableObservabilityContextCustomizer@9da1, org.springframework.boot.test.autoconfigure.properties.PropertyMappingContextCustomizer@0, org.springframework.boot.test.autoconfigure.web.servlet.WebDriverContextCustomizerFactory$Customizer@66c92293, org.springframework.boot.test.context.SpringBootTestAnnotation@19890dcc], resourceBasePath = "src/main/webapp", contextLoader = org.springframework.boot.test.context.SpringBootContextLoader, parent = null]
Caused by: java.lang.IllegalArgumentException: Unable to instantiate factory class [org.springframework.cloud.config.client.ConfigServerConfigDataLocationResolver] for factory type [org.springframework.boot.context.config.ConfigDataLocationResolver]
Caused by: java.lang.IllegalArgumentException: Log types cannot be injected, please use DeferredLogFactory

